<?xml version="1.0" encoding="UTF-8"?>
<!-- Generated by org.testng.reporters.JUnitReportReporter -->
<testsuite skipped="2" hostname="DESKTOP-82N2FV3" name="RunnerDelete.RunnerDeleteTest" tests="2" failures="0" timestamp="2019-12-01T13:00:38 IST" time="0.169" errors="0">
  <testcase name="runScenario" time="0.161" classname="RunnerDelete.RunnerDeleteTest">
    <skipped/>
  </testcase> <!-- runScenario -->
  <testcase name="runScenario" time="0.008" classname="RunnerDelete.RunnerDeleteTest">
    <skipped/>
  </testcase> <!-- runScenario -->
</testsuite> <!-- RunnerDelete.RunnerDeleteTest -->
