<?xml version="1.0" encoding="UTF-8"?>
<!-- Generated by org.testng.reporters.JUnitReportReporter -->
<testsuite skipped="0" hostname="DESKTOP-82N2FV3" name="testcases.learnAnnotation" tests="1" failures="0" timestamp="2020-02-08T22:54:17 IST" time="0.006" errors="0">
  <testcase name="f" time="0.006" classname="testcases.learnAnnotation"/>
</testsuite> <!-- testcases.learnAnnotation -->
