<?xml version="1.0" encoding="UTF-8"?>
<!-- Generated by org.testng.reporters.JUnitReportReporter -->
<testsuite skipped="0" hostname="DESKTOP-82N2FV3" name="Runner.RunTest" tests="2" failures="0" timestamp="2019-11-30T17:22:29 IST" time="30.597" errors="0">
  <testcase name="runScenario" time="15.354" classname="Runner.RunTest"/>
  <testcase name="runScenario" time="15.243" classname="Runner.RunTest"/>
</testsuite> <!-- Runner.RunTest -->
