<?xml version="1.0" encoding="UTF-8"?>
<!-- Generated by org.testng.reporters.JUnitReportReporter -->
<testsuite skipped="0" hostname="DESKTOP-82N2FV3" name="testcases.DeleteLead" tests="1" failures="0" timestamp="2019-12-07T10:45:58 IST" time="28.068" errors="0">
  <testcase name="deleteLead" time="28.068" classname="testcases.DeleteLead"/>
</testsuite> <!-- testcases.DeleteLead -->
