<?xml version="1.0" encoding="UTF-8"?>
<!-- Generated by org.testng.reporters.JUnitReportReporter -->
<testsuite skipped="0" hostname="DESKTOP-82N2FV3" name="testcases.CreateLead" tests="2" failures="0" timestamp="2019-12-07T10:45:58 IST" time="42.303" errors="0">
  <testcase name="createLead" time="24.014" classname="testcases.CreateLead"/>
  <testcase name="createLead" time="18.289" classname="testcases.CreateLead"/>
</testsuite> <!-- testcases.CreateLead -->
